Using pre-set license
Built from '2022.3/staging' branch; Version is '2022.3.10f1 (ff3792e53c62) revision 16725906'; Using compiler version '192829333'; Build Type 'Release'
OS: 'Windows 10  (10.0.19045) 64bit Professional' Language: 'es' Physical Memory: 16026 MB
BatchMode: 1, IsHumanControllingUs: 0, StartBugReporterOnCrash: 0, Is64bit: 1, IsPro: 1

COMMAND LINE ARGUMENTS:
C:\Program Files\Unity\Hub\Editor\2022.3.10f1\Editor\Unity.exe
-adb2
-batchMode
-noUpm
-name
AssetImportWorker2
-projectPath
C:/ProyectoVSR/VSR2/VSR
-logFile
Logs/AssetImportWorker2.log
-srvPort
50185
Successfully changed project path to: C:/ProyectoVSR/VSR2/VSR
C:/ProyectoVSR/VSR2/VSR
[UnityMemory] Configuration Parameters - Can be set up in boot.config
    "memorysetup-bucket-allocator-granularity=16"
    "memorysetup-bucket-allocator-bucket-count=8"
    "memorysetup-bucket-allocator-block-size=33554432"
    "memorysetup-bucket-allocator-block-count=8"
    "memorysetup-main-allocator-block-size=16777216"
    "memorysetup-thread-allocator-block-size=16777216"
    "memorysetup-gfx-main-allocator-block-size=16777216"
    "memorysetup-gfx-thread-allocator-block-size=16777216"
    "memorysetup-cache-allocator-block-size=4194304"
    "memorysetup-typetree-allocator-block-size=2097152"
    "memorysetup-profiler-bucket-allocator-granularity=16"
    "memorysetup-profiler-bucket-allocator-bucket-count=8"
    "memorysetup-profiler-bucket-allocator-block-size=33554432"
    "memorysetup-profiler-bucket-allocator-block-count=8"
    "memorysetup-profiler-allocator-block-size=16777216"
    "memorysetup-profiler-editor-allocator-block-size=1048576"
    "memorysetup-temp-allocator-size-main=16777216"
    "memorysetup-job-temp-allocator-block-size=2097152"
    "memorysetup-job-temp-allocator-block-size-background=1048576"
    "memorysetup-job-temp-allocator-reduction-small-platforms=262144"
    "memorysetup-allocator-temp-initial-block-size-main=262144"
    "memorysetup-allocator-temp-initial-block-size-worker=262144"
    "memorysetup-temp-allocator-size-background-worker=32768"
    "memorysetup-temp-allocator-size-job-worker=262144"
    "memorysetup-temp-allocator-size-preload-manager=33554432"
    "memorysetup-temp-allocator-size-nav-mesh-worker=65536"
    "memorysetup-temp-allocator-size-audio-worker=65536"
    "memorysetup-temp-allocator-size-cloud-worker=32768"
    "memorysetup-temp-allocator-size-gi-baking-worker=262144"
    "memorysetup-temp-allocator-size-gfx=262144"
Player connection [11220] Host "[IP] 192.168.56.1 [Port] 0 [Flags] 2 [Guid] 4237203385 [EditorId] 4237203385 [Version] 1048832 [Id] WindowsEditor(7,DESKTOP-Q0S91L1) [Debug] 1 [PackageName] WindowsEditor [ProjectName] Editor" joined multi-casting on [225.0.0.222:54997]...

Player connection [11220] Host "[IP] 192.168.56.1 [Port] 0 [Flags] 2 [Guid] 4237203385 [EditorId] 4237203385 [Version] 1048832 [Id] WindowsEditor(7,DESKTOP-Q0S91L1) [Debug] 1 [PackageName] WindowsEditor [ProjectName] Editor" joined alternative multi-casting on [225.0.0.222:34997]...

[Physics::Module] Initialized MultithreadedJobDispatcher with 7 workers.
Refreshing native plugins compatible for Editor in 36.52 ms, found 12 plugins.
Preloading 1 native plugins for Editor in 0.75 ms.
Initialize engine version: 2022.3.10f1 (ff3792e53c62)
[Subsystems] Discovering subsystems at path C:/Program Files/Unity/Hub/Editor/2022.3.10f1/Editor/Data/Resources/UnitySubsystems
[Subsystems] Discovering subsystems at path C:/ProyectoVSR/VSR2/VSR/Assets
GfxDevice: creating device client; threaded=0; jobified=0
Direct3D:
    Version:  Direct3D 11.0 [level 11.1]
    Renderer: Intel(R) Iris(R) Xe Graphics (ID=0x9a49)
    Vendor:   Intel
    VRAM:     8013 MB
    Driver:   27.20.100.9664
Initialize mono
Mono path[0] = 'C:/Program Files/Unity/Hub/Editor/2022.3.10f1/Editor/Data/Managed'
Mono path[1] = 'C:/Program Files/Unity/Hub/Editor/2022.3.10f1/Editor/Data/MonoBleedingEdge/lib/mono/unityjit-win32'
Mono config path = 'C:/Program Files/Unity/Hub/Editor/2022.3.10f1/Editor/Data/MonoBleedingEdge/etc'
Using monoOptions --debugger-agent=transport=dt_socket,embedding=1,server=y,suspend=n,address=127.0.0.1:56480
Begin MonoManager ReloadAssembly
Registering precompiled unity dll's ...
Register platform support module: C:/Program Files/Unity/Hub/Editor/2022.3.10f1/Editor/Data/PlaybackEngines/WebGLSupport/UnityEditor.WebGL.Extensions.dll
Register platform support module: C:/Program Files/Unity/Hub/Editor/2022.3.10f1/Editor/Data/PlaybackEngines/AndroidPlayer/UnityEditor.Android.Extensions.dll
Register platform support module: C:/Program Files/Unity/Hub/Editor/2022.3.10f1/Editor/Data/PlaybackEngines/WindowsStandaloneSupport/UnityEditor.WindowsStandalone.Extensions.dll
Registered in 0.011265 seconds.
- Loaded All Assemblies, in  1.078 seconds
Native extension for WindowsStandalone target not found
Native extension for Android target not found
Android Extension - Scanning For ADB Devices 361 ms
Native extension for WebGL target not found
Mono: successfully reloaded assembly
- Finished resetting the current domain, in  2.059 seconds
Domain Reload Profiling: 3135ms
	BeginReloadAssembly (140ms)
		ExecutionOrderSort (0ms)
		DisableScriptedObjects (0ms)
		BackupInstance (0ms)
		ReleaseScriptingObjects (0ms)
		CreateAndSetChildDomain (1ms)
	RebuildCommonClasses (44ms)
	RebuildNativeTypeToScriptingClass (13ms)
	initialDomainReloadingComplete (82ms)
	LoadAllAssembliesAndSetupDomain (796ms)
		LoadAssemblies (138ms)
		RebuildTransferFunctionScriptingTraits (0ms)
		AnalyzeDomain (791ms)
			TypeCache.Refresh (763ms)
				TypeCache.ScanAssembly (502ms)
			ScanForSourceGeneratedMonoScriptInfo (11ms)
			ResolveRequiredComponents (10ms)
	FinalizeReload (2059ms)
		ReleaseScriptCaches (0ms)
		RebuildScriptCaches (0ms)
		SetupLoadedEditorAssemblies (874ms)
			LogAssemblyErrors (0ms)
			InitializePlatformSupportModulesInManaged (651ms)
			SetLoadedEditorAssemblies (6ms)
			RefreshPlugins (0ms)
			BeforeProcessingInitializeOnLoad (4ms)
			ProcessInitializeOnLoadAttributes (139ms)
			ProcessInitializeOnLoadMethodAttributes (74ms)
			AfterProcessingInitializeOnLoad (0ms)
			EditorAssembliesLoaded (0ms)
		ExecutionOrderSort2 (0ms)
		AwakeInstancesAfterBackupRestoration (0ms)
========================================================================
Worker process is ready to serve import requests
Begin MonoManager ReloadAssembly
- Loaded All Assemblies, in  2.488 seconds
Refreshing native plugins compatible for Editor in 18.66 ms, found 12 plugins.
Native extension for WindowsStandalone target not found
Native extension for Android target not found
Native extension for WebGL target not found
Package Manager log level set to [2]
[Package Manager] Server::EnsureServerProcessIsRunning -- launch failed, reason: Unity was launched with the -noUpm command-line argument
[Package Manager] UpmClient::Send -- Unable to send message (not connected to UPM process).
[Package Manager] Cannot connect to Unity Package Manager local server
[Package Manager] Server::EnsureServerProcessIsRunning -- launch failed, reason: Unity was launched with the -noUpm command-line argument
[Package Manager] UpmClient::Send -- Unable to send message (not connected to UPM process).
[Package Manager] Cannot connect to Unity Package Manager local server
System.Reflection.TargetInvocationException: Exception has been thrown by the target of an invocation. ---> System.NullReferenceException: Object reference not set to an instance of an object
  at Unity.XR.Oculus.OculusLoader.AssetPathToAbsolutePath (System.String assetPath) [0x0003d] in .\Library\PackageCache\com.unity.xr.oculus@4.0.0\Runtime\OculusLoader.cs:282 
  at Unity.XR.Oculus.OculusLoader.EditorLoadOVRPlugin () [0x0007b] in .\Library\PackageCache\com.unity.xr.oculus@4.0.0\Runtime\OculusLoader.cs:267 
  at (wrapper managed-to-native) System.Reflection.RuntimeMethodInfo.InternalInvoke(System.Reflection.RuntimeMethodInfo,object,object[],System.Exception&)
  at System.Reflection.RuntimeMethodInfo.Invoke (System.Object obj, System.Reflection.BindingFlags invokeAttr, System.Reflection.Binder binder, System.Object[] parameters, System.Globalization.CultureInfo culture) [0x0006a] in <787acc3c9a4c471ba7d971300105af24>:0 
   --- End of inner exception stack trace ---
  at System.Reflection.RuntimeMethodInfo.Invoke (System.Object obj, System.Reflection.BindingFlags invokeAttr, System.Reflection.Binder binder, System.Object[] parameters, System.Globalization.CultureInfo culture) [0x00083] in <787acc3c9a4c471ba7d971300105af24>:0 
  at System.Reflection.MethodBase.Invoke (System.Object obj, System.Object[] parameters) [0x00000] in <787acc3c9a4c471ba7d971300105af24>:0 
  at UnityEditor.EditorAssemblies.ProcessInitializeOnLoadMethodAttributes () [0x000a5] in <fe7039efe678478d9c83e73bc6a6566d>:0 
UnityEngine.StackTraceUtility:ExtractStackTrace ()
UnityEngine.DebugLogHandler:LogFormat (UnityEngine.LogType,UnityEngine.Object,string,object[])
UnityEngine.Logger:Log (UnityEngine.LogType,object)
UnityEngine.Debug:LogError (object)
UnityEditor.EditorAssemblies:ProcessInitializeOnLoadMethodAttributes ()

Mono: successfully reloaded assembly
[Package Manager] Server::EnsureServerProcessIsRunning -- launch failed, reason: Unity was launched with the -noUpm command-line argument
[Package Manager] UpmClient::Send -- Unable to send message (not connected to UPM process).
[Package Manager] Cannot connect to Unity Package Manager local server
[Package Manager] Server::EnsureServerProcessIsRunning -- launch failed, reason: Unity was launched with the -noUpm command-line argument
[Package Manager] UpmClient::Send -- Unable to send message (not connected to UPM process).
[Package Manager] Cannot connect to Unity Package Manager local server
- Finished resetting the current domain, in  3.168 seconds
Domain Reload Profiling: 5651ms
	BeginReloadAssembly (202ms)
		ExecutionOrderSort (0ms)
		DisableScriptedObjects (9ms)
		BackupInstance (0ms)
		ReleaseScriptingObjects (0ms)
		CreateAndSetChildDomain (30ms)
	RebuildCommonClasses (66ms)
	RebuildNativeTypeToScriptingClass (17ms)
	initialDomainReloadingComplete (66ms)
	LoadAllAssembliesAndSetupDomain (2131ms)
		LoadAssemblies (1788ms)
		RebuildTransferFunctionScriptingTraits (0ms)
		AnalyzeDomain (458ms)
			TypeCache.Refresh (386ms)
				TypeCache.ScanAssembly (354ms)
			ScanForSourceGeneratedMonoScriptInfo (51ms)
			ResolveRequiredComponents (19ms)
	FinalizeReload (3169ms)
		ReleaseScriptCaches (0ms)
		RebuildScriptCaches (0ms)
		SetupLoadedEditorAssemblies (2851ms)
			LogAssemblyErrors (0ms)
			InitializePlatformSupportModulesInManaged (44ms)
			SetLoadedEditorAssemblies (9ms)
			RefreshPlugins (0ms)
			BeforeProcessingInitializeOnLoad (144ms)
			ProcessInitializeOnLoadAttributes (2506ms)
			ProcessInitializeOnLoadMethodAttributes (138ms)
			AfterProcessingInitializeOnLoad (10ms)
			EditorAssembliesLoaded (0ms)
		ExecutionOrderSort2 (0ms)
		AwakeInstancesAfterBackupRestoration (7ms)
Launched and connected shader compiler UnityShaderCompiler.exe after 0.07 seconds
Refreshing native plugins compatible for Editor in 15.99 ms, found 12 plugins.
Preloading 1 native plugins for Editor in 0.11 ms.
Unloading 6828 Unused Serialized files (Serialized files now loaded: 0)
Unloading 116 unused Assets / (372.3 KB). Loaded Objects now: 7329.
Memory consumption went from 335.5 MB to 335.1 MB.
Total: 6.211600 ms (FindLiveObjects: 0.715100 ms CreateObjectMapping: 0.690300 ms MarkObjects: 4.404800 ms  DeleteObjects: 0.400000 ms)

AssetImportParameters requested are different than current active one (requested -> active):
  custom:container-demuxer-ogg: 62fdf1f143b41e24485cea50d1cbac27 -> 
  custom:framework-win-MediaFoundation: 216162199b28c13a410421893ffa2e32 -> 
  custom:container-muxer-webm: aa71ff27fc2769a1b78a27578f13a17b -> 
  custom:video-decoder-webm-vp8: 9c59270c3fd7afecdb556c50c9e8de78 -> 
  custom:SearchIndexIgnoredProperties: e643bd26f0fe6173181afceb89e7c659 -> 
  custom:AudioImporter_EditorPlatform: d09bf68614088b80899f8185d706f6e7 -> 
  custom:audio-decoder-ogg-vorbis: bf7c407c2cedff20999df2af8eb42d56 -> 
  custom:audio-encoder-webm-vorbis: bf7c407c2cedff20999df2af8eb42d56 -> 
  custom:video-decoder-ogg-theora: a1e56fd34408186e4bbccfd4996cb3dc -> 
  custom:CustomObjectIndexerAttribute: a3ef5dd2817f97addfee359851a9dba5 -> 
  custom:container-demuxer-webm: 4f35f7cbe854078d1ac9338744f61a02 -> 
  custom:video-encoder-webm-vp8: eb34c28f22e8b96e1ab97ce403110664 -> 
========================================================================
Received Import Request.
  Time since last request: 168762.887231 seconds.
  path: Assets/3-Polytope Studio/Lowpoly_Characters/Prefabs/Modular_Armors/Separate_Parts/PT_Male_Armor_hair_01.prefab
  artifactKey: Guid(6ff57d51b6a7ff44988acb2b5a0b3a1c) Importer(815301076,1909f56bfc062723c751e8b465ee728b)
Start importing Assets/3-Polytope Studio/Lowpoly_Characters/Prefabs/Modular_Armors/Separate_Parts/PT_Male_Armor_hair_01.prefab using Guid(6ff57d51b6a7ff44988acb2b5a0b3a1c) Importer(815301076,1909f56bfc062723c751e8b465ee728b)  -> (artifact id: '0663106080ec281abb45a50ccbed8673') in 0.612684 seconds
Number of updated asset objects reloaded before import = 0
Number of asset objects unloaded after import = 222
========================================================================
Received Import Request.
  Time since last request: 0.000063 seconds.
  path: Assets/3-Polytope Studio/Lowpoly_Characters/Prefabs/Modular_Armors/Separate_Parts/PT_Male_Armor_beard_20.prefab
  artifactKey: Guid(b7379adcfd7bfc1479ada4be6e741a1f) Importer(815301076,1909f56bfc062723c751e8b465ee728b)
Start importing Assets/3-Polytope Studio/Lowpoly_Characters/Prefabs/Modular_Armors/Separate_Parts/PT_Male_Armor_beard_20.prefab using Guid(b7379adcfd7bfc1479ada4be6e741a1f) Importer(815301076,1909f56bfc062723c751e8b465ee728b)  -> (artifact id: '041a3a054069b54e217e8d27a59221e2') in 1.058566 seconds
Number of updated asset objects reloaded before import = 0
Number of asset objects unloaded after import = 224
========================================================================
Received Import Request.
  Time since last request: 0.000269 seconds.
  path: Assets/3-Polytope Studio/Lowpoly_Characters/Prefabs/Modular_Armors/PT_Lowpoly_Armors_Female_Moduar_Free.prefab
  artifactKey: Guid(435d261c1fe73ba46883b819e578219d) Importer(815301076,1909f56bfc062723c751e8b465ee728b)
Start importing Assets/3-Polytope Studio/Lowpoly_Characters/Prefabs/Modular_Armors/PT_Lowpoly_Armors_Female_Moduar_Free.prefab using Guid(435d261c1fe73ba46883b819e578219d) Importer(815301076,1909f56bfc062723c751e8b465ee728b)  -> (artifact id: 'b5dd71ec13798fc1459866aa5c96de12') in 0.501154 seconds
Number of updated asset objects reloaded before import = 0
Number of asset objects unloaded after import = 338
========================================================================
Received Import Request.
  Time since last request: 0.000075 seconds.
  path: Assets/3-Polytope Studio/Lowpoly_Characters/Prefabs/Modular_Armors/Separate_Parts/PT_Male_Armor_head_01.prefab
  artifactKey: Guid(93928b12d3f49ec4c9144d1f614f088c) Importer(815301076,1909f56bfc062723c751e8b465ee728b)
Start importing Assets/3-Polytope Studio/Lowpoly_Characters/Prefabs/Modular_Armors/Separate_Parts/PT_Male_Armor_head_01.prefab using Guid(93928b12d3f49ec4c9144d1f614f088c) Importer(815301076,1909f56bfc062723c751e8b465ee728b)  -> (artifact id: '4c8be5ac360b69b9aeb8872ccf38581a') in 0.061934 seconds
Number of updated asset objects reloaded before import = 0
Number of asset objects unloaded after import = 224
========================================================================
Received Import Request.
  Time since last request: 0.000033 seconds.
  path: Assets/3-Polytope Studio/Lowpoly_Characters/Prefabs/Modular_Armors/Separate_Parts/PT_Female_Armor_05_C_body.prefab
  artifactKey: Guid(bcb60191cf3897949be226267745ed3e) Importer(815301076,1909f56bfc062723c751e8b465ee728b)
Start importing Assets/3-Polytope Studio/Lowpoly_Characters/Prefabs/Modular_Armors/Separate_Parts/PT_Female_Armor_05_C_body.prefab using Guid(bcb60191cf3897949be226267745ed3e) Importer(815301076,1909f56bfc062723c751e8b465ee728b)  -> (artifact id: '2336510c360e45a18a0778295a66346f') in 0.066327 seconds
Number of updated asset objects reloaded before import = 0
Number of asset objects unloaded after import = 224
========================================================================
Received Import Request.
  Time since last request: 0.000029 seconds.
  path: Assets/3-Polytope Studio/Lowpoly_Characters/Prefabs/Modular_Armors/Separate_Parts/PT_Female_Armor_01_A_boots.prefab
  artifactKey: Guid(b9100aa189d87db49afdd4bcedc14dd3) Importer(815301076,1909f56bfc062723c751e8b465ee728b)
Start importing Assets/3-Polytope Studio/Lowpoly_Characters/Prefabs/Modular_Armors/Separate_Parts/PT_Female_Armor_01_A_boots.prefab using Guid(b9100aa189d87db49afdd4bcedc14dd3) Importer(815301076,1909f56bfc062723c751e8b465ee728b)  -> (artifact id: '92a7c4ef389746421ea836ad3ce3fb8a') in 0.059673 seconds
Number of updated asset objects reloaded before import = 0
Number of asset objects unloaded after import = 224
========================================================================
Received Import Request.
  Time since last request: 0.000045 seconds.
  path: Assets/3-Polytope Studio/Lowpoly_Characters/Prefabs/Modular_Armors/Separate_Parts/PT_Male_Armor_naked_00_boots.prefab
  artifactKey: Guid(7c8da33532be64f4f9389d54cb078c1c) Importer(815301076,1909f56bfc062723c751e8b465ee728b)
Start importing Assets/3-Polytope Studio/Lowpoly_Characters/Prefabs/Modular_Armors/Separate_Parts/PT_Male_Armor_naked_00_boots.prefab using Guid(7c8da33532be64f4f9389d54cb078c1c) Importer(815301076,1909f56bfc062723c751e8b465ee728b)  -> (artifact id: '1a80ae542107b10ae6ecf82e4742b0fd') in 0.055710 seconds
Number of updated asset objects reloaded before import = 0
Number of asset objects unloaded after import = 224
========================================================================
Received Import Request.
  Time since last request: 0.000065 seconds.
  path: Assets/3-Polytope Studio/Lowpoly_Characters/Prefabs/Modular_Armors/Separate_Parts/PT_Male_Armor_01_A_helmet.prefab
  artifactKey: Guid(2f563e5cb5f70904492fb219cfb82854) Importer(815301076,1909f56bfc062723c751e8b465ee728b)
Start importing Assets/3-Polytope Studio/Lowpoly_Characters/Prefabs/Modular_Armors/Separate_Parts/PT_Male_Armor_01_A_helmet.prefab using Guid(2f563e5cb5f70904492fb219cfb82854) Importer(815301076,1909f56bfc062723c751e8b465ee728b)  -> (artifact id: '107b4eda41ab77fa217cc6c4e93f8cc0') in 0.061469 seconds
Number of updated asset objects reloaded before import = 0
Number of asset objects unloaded after import = 224
========================================================================
Received Import Request.
  Time since last request: 0.000036 seconds.
  path: Assets/3-Polytope Studio/Lowpoly_Characters/Prefabs/Modular_Armors/Separate_Parts/PT_Female_Armor_naked_body.prefab
  artifactKey: Guid(596f1b103f49dbf4b861ef47c721dcc3) Importer(815301076,1909f56bfc062723c751e8b465ee728b)
Start importing Assets/3-Polytope Studio/Lowpoly_Characters/Prefabs/Modular_Armors/Separate_Parts/PT_Female_Armor_naked_body.prefab using Guid(596f1b103f49dbf4b861ef47c721dcc3) Importer(815301076,1909f56bfc062723c751e8b465ee728b)  -> (artifact id: '9d688424cd7830bac99e74ebf323f929') in 0.056067 seconds
Number of updated asset objects reloaded before import = 0
Number of asset objects unloaded after import = 224
========================================================================
Received Import Request.
  Time since last request: 0.000035 seconds.
  path: Assets/3-Polytope Studio/Lowpoly_Characters/Prefabs/Modular_Armors/Separate_Parts/PT_Male_Armor_05_C_legs.prefab
  artifactKey: Guid(12f6f965ca8a2ab48942049e2bdbb003) Importer(815301076,1909f56bfc062723c751e8b465ee728b)
Start importing Assets/3-Polytope Studio/Lowpoly_Characters/Prefabs/Modular_Armors/Separate_Parts/PT_Male_Armor_05_C_legs.prefab using Guid(12f6f965ca8a2ab48942049e2bdbb003) Importer(815301076,1909f56bfc062723c751e8b465ee728b)  -> (artifact id: '0bf580e7596b0667a0beaedb8d21eaf1') in 0.062531 seconds
Number of updated asset objects reloaded before import = 0
Number of asset objects unloaded after import = 224
========================================================================
Received Import Request.
  Time since last request: 0.000039 seconds.
  path: Assets/3-Polytope Studio/Lowpoly_Characters/Prefabs/Modular_Armors/Separate_Parts/PT_Female_Armor_cloth_00_body.prefab
  artifactKey: Guid(c755dc187ffed9347a4bbd9b3474fbd1) Importer(815301076,1909f56bfc062723c751e8b465ee728b)
Start importing Assets/3-Polytope Studio/Lowpoly_Characters/Prefabs/Modular_Armors/Separate_Parts/PT_Female_Armor_cloth_00_body.prefab using Guid(c755dc187ffed9347a4bbd9b3474fbd1) Importer(815301076,1909f56bfc062723c751e8b465ee728b)  -> (artifact id: '4e4a70889f55f1a8c958aab3cc05f5d0') in 0.064434 seconds
Number of updated asset objects reloaded before import = 0
Number of asset objects unloaded after import = 224
========================================================================
Received Import Request.
  Time since last request: 0.000069 seconds.
  path: Assets/3-Polytope Studio/Lowpoly_Characters/Prefabs/Modular_Armors/Separate_Parts/PT_Male_Armor_cloth_00_body.prefab
  artifactKey: Guid(f5281e2677a8f104facf37eb878ceb30) Importer(815301076,1909f56bfc062723c751e8b465ee728b)
Start importing Assets/3-Polytope Studio/Lowpoly_Characters/Prefabs/Modular_Armors/Separate_Parts/PT_Male_Armor_cloth_00_body.prefab using Guid(f5281e2677a8f104facf37eb878ceb30) Importer(815301076,1909f56bfc062723c751e8b465ee728b)  -> (artifact id: '19174a3b090fdfdfb6485dd962f39834') in 0.055689 seconds
Number of updated asset objects reloaded before import = 0
Number of asset objects unloaded after import = 224
========================================================================
Received Import Request.
  Time since last request: 0.000038 seconds.
  path: Assets/3-Polytope Studio/Lowpoly_Characters/Prefabs/Modular_Armors/Separate_Parts/PT_Male_Armor_cloth_00_gauntlets.prefab
  artifactKey: Guid(1a4b695fc52d58f459ed3e85be7b52e8) Importer(815301076,1909f56bfc062723c751e8b465ee728b)
Start importing Assets/3-Polytope Studio/Lowpoly_Characters/Prefabs/Modular_Armors/Separate_Parts/PT_Male_Armor_cloth_00_gauntlets.prefab using Guid(1a4b695fc52d58f459ed3e85be7b52e8) Importer(815301076,1909f56bfc062723c751e8b465ee728b)  -> (artifact id: 'cf153863ac20c1d23b14fb0da12a9319') in 0.056986 seconds
Number of updated asset objects reloaded before import = 0
Number of asset objects unloaded after import = 224
========================================================================
Received Import Request.
  Time since last request: 0.000034 seconds.
  path: Assets/3-Polytope Studio/Lowpoly_Characters/Prefabs/Modular_Armors/Separate_Parts/PT_Male_Armor_01_A_boots.prefab
  artifactKey: Guid(4c499b6e6770c594d8a220316f6fbbea) Importer(815301076,1909f56bfc062723c751e8b465ee728b)
Start importing Assets/3-Polytope Studio/Lowpoly_Characters/Prefabs/Modular_Armors/Separate_Parts/PT_Male_Armor_01_A_boots.prefab using Guid(4c499b6e6770c594d8a220316f6fbbea) Importer(815301076,1909f56bfc062723c751e8b465ee728b)  -> (artifact id: '906d7dd3a59873ee222169f14a4faf09') in 0.060907 seconds
Number of updated asset objects reloaded before import = 0
Number of asset objects unloaded after import = 224
========================================================================
Received Import Request.
  Time since last request: 0.000037 seconds.
  path: Assets/3-Polytope Studio/Lowpoly_Characters/Prefabs/Modular_Armors/Separate_Parts/PT_Male_Armor_cloth_00_legs.prefab
  artifactKey: Guid(3e97dc15cc05619459e4d99235603ebd) Importer(815301076,1909f56bfc062723c751e8b465ee728b)
Start importing Assets/3-Polytope Studio/Lowpoly_Characters/Prefabs/Modular_Armors/Separate_Parts/PT_Male_Armor_cloth_00_legs.prefab using Guid(3e97dc15cc05619459e4d99235603ebd) Importer(815301076,1909f56bfc062723c751e8b465ee728b)  -> (artifact id: 'e0e4b6928a4c80dd88d88a63b62f4c5f') in 0.063155 seconds
Number of updated asset objects reloaded before import = 0
Number of asset objects unloaded after import = 224
========================================================================
Received Import Request.
  Time since last request: 0.000046 seconds.
  path: Assets/3-Polytope Studio/Lowpoly_Characters/Prefabs/Modular_Armors/Separate_Parts/PT_Male_Armor_beard_01.prefab
  artifactKey: Guid(ff7c9d1e8e8e3524294914d7258eec99) Importer(815301076,1909f56bfc062723c751e8b465ee728b)
Start importing Assets/3-Polytope Studio/Lowpoly_Characters/Prefabs/Modular_Armors/Separate_Parts/PT_Male_Armor_beard_01.prefab using Guid(ff7c9d1e8e8e3524294914d7258eec99) Importer(815301076,1909f56bfc062723c751e8b465ee728b)  -> (artifact id: '8392538ff82681a5b65dff4e36d13509') in 0.050165 seconds
Number of updated asset objects reloaded before import = 0
Number of asset objects unloaded after import = 224
========================================================================
Received Import Request.
  Time since last request: 272.395550 seconds.
  path: Assets/3-Polytope Studio/Lowpoly_Characters/Sources/Modular_Armors/Materials/PT_Armors_Material.mat
  artifactKey: Guid(6f1a3abc3e476eb4f823f1ab4687b4ed) Importer(815301076,1909f56bfc062723c751e8b465ee728b)
Start importing Assets/3-Polytope Studio/Lowpoly_Characters/Sources/Modular_Armors/Materials/PT_Armors_Material.mat using Guid(6f1a3abc3e476eb4f823f1ab4687b4ed) Importer(815301076,1909f56bfc062723c751e8b465ee728b)  -> (artifact id: '38de064b5cd31d2e7d9bda4d64d6e119') in 0.046671 seconds
Number of updated asset objects reloaded before import = 0
Number of asset objects unloaded after import = 13
========================================================================
Received Import Request.
  Time since last request: 657.612929 seconds.
  path: Assets/Prefabs/Network Player.prefab
  artifactKey: Guid(9693162725fe6ec4b8ee0ea23bac9a62) Importer(815301076,1909f56bfc062723c751e8b465ee728b)
Start importing Assets/Prefabs/Network Player.prefab using Guid(9693162725fe6ec4b8ee0ea23bac9a62) Importer(815301076,1909f56bfc062723c751e8b465ee728b)  -> (artifact id: 'a4be72d780aeba2b53ae16efd28847ff') in 0.092451 seconds
Number of updated asset objects reloaded before import = 0
Number of asset objects unloaded after import = 997
========================================================================
Received Import Request.
  Time since last request: 1.041053 seconds.
  path: Assets/Prefabs/Characters/PT_Lowpoly_Armors_Male_Moduar_Free.prefab
  artifactKey: Guid(fd395f9466b6bef489abe4281710ad2e) Importer(815301076,1909f56bfc062723c751e8b465ee728b)
Start importing Assets/Prefabs/Characters/PT_Lowpoly_Armors_Male_Moduar_Free.prefab using Guid(fd395f9466b6bef489abe4281710ad2e) Importer(815301076,1909f56bfc062723c751e8b465ee728b)  -> (artifact id: 'fa614bfe953d44774b1181f126e4b95a') in 0.104933 seconds
Number of updated asset objects reloaded before import = 0
Number of asset objects unloaded after import = 344
========================================================================
Received Import Request.
  Time since last request: 9.903012 seconds.
  path: Assets/Scenes/SampleScene/LightingData.asset
  artifactKey: Guid(babed66f44e8b5445b185fac4e02e130) Importer(815301076,1909f56bfc062723c751e8b465ee728b)
Start importing Assets/Scenes/SampleScene/LightingData.asset using Guid(babed66f44e8b5445b185fac4e02e130) Importer(815301076,1909f56bfc062723c751e8b465ee728b)  -> (artifact id: 'e660c424900e655fc6369aa959a8d857') in 0.005327 seconds
Number of updated asset objects reloaded before import = 0
Number of asset objects unloaded after import = 1
========================================================================
Received Import Request.
  Time since last request: 0.001711 seconds.
  path: Assets/Scenes/SampleScene/Lightmap-0_comp_light.exr
  artifactKey: Guid(a8efa23c6f03b7d449b0cf4aa8e6a06d) Importer(815301076,1909f56bfc062723c751e8b465ee728b)
Start importing Assets/Scenes/SampleScene/Lightmap-0_comp_light.exr using Guid(a8efa23c6f03b7d449b0cf4aa8e6a06d) Importer(815301076,1909f56bfc062723c751e8b465ee728b)  -> (artifact id: '36ae8d3a6e8879a5ccdf5d18cec3a8e8') in 0.058625 seconds
Number of updated asset objects reloaded before import = 0
Number of asset objects unloaded after import = 2
========================================================================
Received Import Request.
  Time since last request: 0.000037 seconds.
  path: Assets/Scenes/SampleScene/ReflectionProbe-1.exr
  artifactKey: Guid(fe92f018ab9184b43b46c80b2a02e522) Importer(815301076,1909f56bfc062723c751e8b465ee728b)
Start importing Assets/Scenes/SampleScene/ReflectionProbe-1.exr using Guid(fe92f018ab9184b43b46c80b2a02e522) Importer(815301076,1909f56bfc062723c751e8b465ee728b)  -> (artifact id: '8aec9a1c96034f781a2ad5bed8db55af') in 0.038116 seconds
Number of updated asset objects reloaded before import = 0
Number of asset objects unloaded after import = 2
========================================================================
Received Prepare
Begin MonoManager ReloadAssembly
- Loaded All Assemblies, in  1.036 seconds
Refreshing native plugins compatible for Editor in 30.34 ms, found 12 plugins.
Native extension for WindowsStandalone target not found
Native extension for Android target not found
Native extension for WebGL target not found
[Package Manager] Server::EnsureServerProcessIsRunning -- launch failed, reason: Unity was launched with the -noUpm command-line argument
[Package Manager] UpmClient::Send -- Unable to send message (not connected to UPM process).
[Package Manager] Cannot connect to Unity Package Manager local server
[Package Manager] Server::EnsureServerProcessIsRunning -- launch failed, reason: Unity was launched with the -noUpm command-line argument
[Package Manager] UpmClient::Send -- Unable to send message (not connected to UPM process).
[Package Manager] Cannot connect to Unity Package Manager local server
System.Reflection.TargetInvocationException: Exception has been thrown by the target of an invocation. ---> System.NullReferenceException: Object reference not set to an instance of an object
  at Unity.XR.Oculus.OculusLoader.AssetPathToAbsolutePath (System.String assetPath) [0x0003d] in .\Library\PackageCache\com.unity.xr.oculus@4.0.0\Runtime\OculusLoader.cs:282 
  at Unity.XR.Oculus.OculusLoader.EditorLoadOVRPlugin () [0x0007b] in .\Library\PackageCache\com.unity.xr.oculus@4.0.0\Runtime\OculusLoader.cs:267 
  at (wrapper managed-to-native) System.Reflection.RuntimeMethodInfo.InternalInvoke(System.Reflection.RuntimeMethodInfo,object,object[],System.Exception&)
  at System.Reflection.RuntimeMethodInfo.Invoke (System.Object obj, System.Reflection.BindingFlags invokeAttr, System.Reflection.Binder binder, System.Object[] parameters, System.Globalization.CultureInfo culture) [0x0006a] in <787acc3c9a4c471ba7d971300105af24>:0 
   --- End of inner exception stack trace ---
  at System.Reflection.RuntimeMethodInfo.Invoke (System.Object obj, System.Reflection.BindingFlags invokeAttr, System.Reflection.Binder binder, System.Object[] parameters, System.Globalization.CultureInfo culture) [0x00083] in <787acc3c9a4c471ba7d971300105af24>:0 
  at System.Reflection.MethodBase.Invoke (System.Object obj, System.Object[] parameters) [0x00000] in <787acc3c9a4c471ba7d971300105af24>:0 
  at UnityEditor.EditorAssemblies.ProcessInitializeOnLoadMethodAttributes () [0x000a5] in <fe7039efe678478d9c83e73bc6a6566d>:0 
UnityEngine.StackTraceUtility:ExtractStackTrace ()
UnityEngine.DebugLogHandler:LogFormat (UnityEngine.LogType,UnityEngine.Object,string,object[])
UnityEngine.Logger:Log (UnityEngine.LogType,object)
UnityEngine.Debug:LogError (object)
UnityEditor.EditorAssemblies:ProcessInitializeOnLoadMethodAttributes ()

Mono: successfully reloaded assembly
[Package Manager] Server::EnsureServerProcessIsRunning -- launch failed, reason: Unity was launched with the -noUpm command-line argument
[Package Manager] UpmClient::Send -- Unable to send message (not connected to UPM process).
[Package Manager] Cannot connect to Unity Package Manager local server
- Finished resetting the current domain, in  2.312 seconds
Domain Reload Profiling: 3345ms
	BeginReloadAssembly (266ms)
		ExecutionOrderSort (0ms)
		DisableScriptedObjects (14ms)
		BackupInstance (0ms)
		ReleaseScriptingObjects (0ms)
		CreateAndSetChildDomain (81ms)
	RebuildCommonClasses (50ms)
	RebuildNativeTypeToScriptingClass (27ms)
	initialDomainReloadingComplete (247ms)
	LoadAllAssembliesAndSetupDomain (442ms)
		LoadAssemblies (531ms)
		RebuildTransferFunctionScriptingTraits (0ms)
		AnalyzeDomain (30ms)
			TypeCache.Refresh (13ms)
				TypeCache.ScanAssembly (0ms)
			ScanForSourceGeneratedMonoScriptInfo (1ms)
			ResolveRequiredComponents (15ms)
	FinalizeReload (2313ms)
		ReleaseScriptCaches (0ms)
		RebuildScriptCaches (0ms)
		SetupLoadedEditorAssemblies (1168ms)
			LogAssemblyErrors (0ms)
			InitializePlatformSupportModulesInManaged (34ms)
			SetLoadedEditorAssemblies (9ms)
			RefreshPlugins (0ms)
			BeforeProcessingInitializeOnLoad (164ms)
			ProcessInitializeOnLoadAttributes (776ms)
			ProcessInitializeOnLoadMethodAttributes (174ms)
			AfterProcessingInitializeOnLoad (10ms)
			EditorAssembliesLoaded (1ms)
		ExecutionOrderSort2 (0ms)
		AwakeInstancesAfterBackupRestoration (20ms)
Refreshing native plugins compatible for Editor in 24.13 ms, found 12 plugins.
Preloading 1 native plugins for Editor in 0.11 ms.
Unloading 6685 Unused Serialized files (Serialized files now loaded: 0)
Unloading 78 unused Assets / (338.7 KB). Loaded Objects now: 7418.
Memory consumption went from 308.3 MB to 307.9 MB.
Total: 7.180300 ms (FindLiveObjects: 0.797100 ms CreateObjectMapping: 0.545500 ms MarkObjects: 5.674500 ms  DeleteObjects: 0.161400 ms)

Prepare: number of updated asset objects reloaded= 51
AssetImportParameters requested are different than current active one (requested -> active):
  custom:container-demuxer-ogg: 62fdf1f143b41e24485cea50d1cbac27 -> 
  custom:framework-win-MediaFoundation: 216162199b28c13a410421893ffa2e32 -> 
  custom:container-muxer-webm: aa71ff27fc2769a1b78a27578f13a17b -> 
  custom:video-decoder-webm-vp8: 9c59270c3fd7afecdb556c50c9e8de78 -> 
  custom:SearchIndexIgnoredProperties: e643bd26f0fe6173181afceb89e7c659 -> 
  custom:AudioImporter_EditorPlatform: d09bf68614088b80899f8185d706f6e7 -> 
  custom:audio-decoder-ogg-vorbis: bf7c407c2cedff20999df2af8eb42d56 -> 
  custom:audio-encoder-webm-vorbis: bf7c407c2cedff20999df2af8eb42d56 -> 
  custom:video-decoder-ogg-theora: a1e56fd34408186e4bbccfd4996cb3dc -> 
  custom:CustomObjectIndexerAttribute: a3ef5dd2817f97addfee359851a9dba5 -> 
  custom:container-demuxer-webm: 4f35f7cbe854078d1ac9338744f61a02 -> 
  custom:video-encoder-webm-vp8: eb34c28f22e8b96e1ab97ce403110664 -> 
Editor requested this worker to shutdown with reason: Scaling down because of idle timeout
TcpMessagingSession - receive error
AssetImportWorkerClient::OnTransportError - code=2 error=End of file
AssetImportWorker is now disconnected from the server
Process exiting
Exiting without the bug reporter. Application will terminate with return code 0