Using pre-set license
Built from '2022.3/staging' branch; Version is '2022.3.10f1 (ff3792e53c62) revision 16725906'; Using compiler version '192829333'; Build Type 'Release'
OS: 'Windows 10  (10.0.19045) 64bit Professional' Language: 'es' Physical Memory: 16026 MB
BatchMode: 1, IsHumanControllingUs: 0, StartBugReporterOnCrash: 0, Is64bit: 1, IsPro: 1

COMMAND LINE ARGUMENTS:
C:\Program Files\Unity\Hub\Editor\2022.3.10f1\Editor\Unity.exe
-adb2
-batchMode
-noUpm
-name
AssetImportWorker8
-projectPath
C:/ProyectoVSR/VSR2/VSR
-logFile
Logs/AssetImportWorker8.log
-srvPort
63963
Successfully changed project path to: C:/ProyectoVSR/VSR2/VSR
C:/ProyectoVSR/VSR2/VSR
[UnityMemory] Configuration Parameters - Can be set up in boot.config
    "memorysetup-bucket-allocator-granularity=16"
    "memorysetup-bucket-allocator-bucket-count=8"
    "memorysetup-bucket-allocator-block-size=33554432"
    "memorysetup-bucket-allocator-block-count=8"
    "memorysetup-main-allocator-block-size=16777216"
    "memorysetup-thread-allocator-block-size=16777216"
    "memorysetup-gfx-main-allocator-block-size=16777216"
    "memorysetup-gfx-thread-allocator-block-size=16777216"
    "memorysetup-cache-allocator-block-size=4194304"
    "memorysetup-typetree-allocator-block-size=2097152"
    "memorysetup-profiler-bucket-allocator-granularity=16"
    "memorysetup-profiler-bucket-allocator-bucket-count=8"
    "memorysetup-profiler-bucket-allocator-block-size=33554432"
    "memorysetup-profiler-bucket-allocator-block-count=8"
    "memorysetup-profiler-allocator-block-size=16777216"
    "memorysetup-profiler-editor-allocator-block-size=1048576"
    "memorysetup-temp-allocator-size-main=16777216"
    "memorysetup-job-temp-allocator-block-size=2097152"
    "memorysetup-job-temp-allocator-block-size-background=1048576"
    "memorysetup-job-temp-allocator-reduction-small-platforms=262144"
    "memorysetup-allocator-temp-initial-block-size-main=262144"
    "memorysetup-allocator-temp-initial-block-size-worker=262144"
    "memorysetup-temp-allocator-size-background-worker=32768"
    "memorysetup-temp-allocator-size-job-worker=262144"
    "memorysetup-temp-allocator-size-preload-manager=33554432"
    "memorysetup-temp-allocator-size-nav-mesh-worker=65536"
    "memorysetup-temp-allocator-size-audio-worker=65536"
    "memorysetup-temp-allocator-size-cloud-worker=32768"
    "memorysetup-temp-allocator-size-gi-baking-worker=262144"
    "memorysetup-temp-allocator-size-gfx=262144"
Player connection [13120] Host "[IP] 192.168.56.1 [Port] 0 [Flags] 2 [Guid] 4194795568 [EditorId] 4194795568 [Version] 1048832 [Id] WindowsEditor(7,DESKTOP-Q0S91L1) [Debug] 1 [PackageName] WindowsEditor [ProjectName] Editor" joined multi-casting on [225.0.0.222:54997]...

Player connection [13120] Host "[IP] 192.168.56.1 [Port] 0 [Flags] 2 [Guid] 4194795568 [EditorId] 4194795568 [Version] 1048832 [Id] WindowsEditor(7,DESKTOP-Q0S91L1) [Debug] 1 [PackageName] WindowsEditor [ProjectName] Editor" joined alternative multi-casting on [225.0.0.222:34997]...

[Physics::Module] Initialized MultithreadedJobDispatcher with 7 workers.
Refreshing native plugins compatible for Editor in 31.12 ms, found 12 plugins.
Preloading 1 native plugins for Editor in 0.71 ms.
Initialize engine version: 2022.3.10f1 (ff3792e53c62)
[Subsystems] Discovering subsystems at path C:/Program Files/Unity/Hub/Editor/2022.3.10f1/Editor/Data/Resources/UnitySubsystems
[Subsystems] Discovering subsystems at path C:/ProyectoVSR/VSR2/VSR/Assets
GfxDevice: creating device client; threaded=0; jobified=0
Direct3D:
    Version:  Direct3D 11.0 [level 11.1]
    Renderer: Intel(R) Iris(R) Xe Graphics (ID=0x9a49)
    Vendor:   Intel
    VRAM:     8013 MB
    Driver:   27.20.100.9664
Initialize mono
Mono path[0] = 'C:/Program Files/Unity/Hub/Editor/2022.3.10f1/Editor/Data/Managed'
Mono path[1] = 'C:/Program Files/Unity/Hub/Editor/2022.3.10f1/Editor/Data/MonoBleedingEdge/lib/mono/unityjit-win32'
Mono config path = 'C:/Program Files/Unity/Hub/Editor/2022.3.10f1/Editor/Data/MonoBleedingEdge/etc'
Using monoOptions --debugger-agent=transport=dt_socket,embedding=1,server=y,suspend=n,address=127.0.0.1:56924
Begin MonoManager ReloadAssembly
Registering precompiled unity dll's ...
Register platform support module: C:/Program Files/Unity/Hub/Editor/2022.3.10f1/Editor/Data/PlaybackEngines/WebGLSupport/UnityEditor.WebGL.Extensions.dll
Register platform support module: C:/Program Files/Unity/Hub/Editor/2022.3.10f1/Editor/Data/PlaybackEngines/AndroidPlayer/UnityEditor.Android.Extensions.dll
Register platform support module: C:/Program Files/Unity/Hub/Editor/2022.3.10f1/Editor/Data/PlaybackEngines/WindowsStandaloneSupport/UnityEditor.WindowsStandalone.Extensions.dll
Registered in 0.015428 seconds.
- Loaded All Assemblies, in  0.522 seconds
Native extension for WindowsStandalone target not found
Native extension for Android target not found
Android Extension - Scanning For ADB Devices 265 ms
Native extension for WebGL target not found
Mono: successfully reloaded assembly
- Finished resetting the current domain, in  0.744 seconds
Domain Reload Profiling: 1263ms
	BeginReloadAssembly (123ms)
		ExecutionOrderSort (0ms)
		DisableScriptedObjects (0ms)
		BackupInstance (0ms)
		ReleaseScriptingObjects (0ms)
		CreateAndSetChildDomain (1ms)
	RebuildCommonClasses (54ms)
	RebuildNativeTypeToScriptingClass (19ms)
	initialDomainReloadingComplete (106ms)
	LoadAllAssembliesAndSetupDomain (217ms)
		LoadAssemblies (122ms)
		RebuildTransferFunctionScriptingTraits (0ms)
		AnalyzeDomain (213ms)
			TypeCache.Refresh (211ms)
				TypeCache.ScanAssembly (190ms)
			ScanForSourceGeneratedMonoScriptInfo (1ms)
			ResolveRequiredComponents (1ms)
	FinalizeReload (745ms)
		ReleaseScriptCaches (0ms)
		RebuildScriptCaches (0ms)
		SetupLoadedEditorAssemblies (656ms)
			LogAssemblyErrors (0ms)
			InitializePlatformSupportModulesInManaged (449ms)
			SetLoadedEditorAssemblies (5ms)
			RefreshPlugins (0ms)
			BeforeProcessingInitializeOnLoad (2ms)
			ProcessInitializeOnLoadAttributes (131ms)
			ProcessInitializeOnLoadMethodAttributes (68ms)
			AfterProcessingInitializeOnLoad (0ms)
			EditorAssembliesLoaded (0ms)
		ExecutionOrderSort2 (0ms)
		AwakeInstancesAfterBackupRestoration (0ms)
========================================================================
Worker process is ready to serve import requests
Begin MonoManager ReloadAssembly
- Loaded All Assemblies, in  1.089 seconds
Refreshing native plugins compatible for Editor in 18.26 ms, found 12 plugins.
Native extension for WindowsStandalone target not found
Native extension for Android target not found
Native extension for WebGL target not found
Package Manager log level set to [2]
[Package Manager] Server::EnsureServerProcessIsRunning -- launch failed, reason: Unity was launched with the -noUpm command-line argument
[Package Manager] UpmClient::Send -- Unable to send message (not connected to UPM process).
[Package Manager] Cannot connect to Unity Package Manager local server
[Package Manager] Server::EnsureServerProcessIsRunning -- launch failed, reason: Unity was launched with the -noUpm command-line argument
[Package Manager] UpmClient::Send -- Unable to send message (not connected to UPM process).
[Package Manager] Cannot connect to Unity Package Manager local server
System.Reflection.TargetInvocationException: Exception has been thrown by the target of an invocation. ---> System.NullReferenceException: Object reference not set to an instance of an object
  at Unity.XR.Oculus.OculusLoader.AssetPathToAbsolutePath (System.String assetPath) [0x0003d] in .\Library\PackageCache\com.unity.xr.oculus@4.0.0\Runtime\OculusLoader.cs:282 
  at Unity.XR.Oculus.OculusLoader.EditorLoadOVRPlugin () [0x0007b] in .\Library\PackageCache\com.unity.xr.oculus@4.0.0\Runtime\OculusLoader.cs:267 
  at (wrapper managed-to-native) System.Reflection.RuntimeMethodInfo.InternalInvoke(System.Reflection.RuntimeMethodInfo,object,object[],System.Exception&)
  at System.Reflection.RuntimeMethodInfo.Invoke (System.Object obj, System.Reflection.BindingFlags invokeAttr, System.Reflection.Binder binder, System.Object[] parameters, System.Globalization.CultureInfo culture) [0x0006a] in <787acc3c9a4c471ba7d971300105af24>:0 
   --- End of inner exception stack trace ---
  at System.Reflection.RuntimeMethodInfo.Invoke (System.Object obj, System.Reflection.BindingFlags invokeAttr, System.Reflection.Binder binder, System.Object[] parameters, System.Globalization.CultureInfo culture) [0x00083] in <787acc3c9a4c471ba7d971300105af24>:0 
  at System.Reflection.MethodBase.Invoke (System.Object obj, System.Object[] parameters) [0x00000] in <787acc3c9a4c471ba7d971300105af24>:0 
  at UnityEditor.EditorAssemblies.ProcessInitializeOnLoadMethodAttributes () [0x000a5] in <fe7039efe678478d9c83e73bc6a6566d>:0 
UnityEngine.StackTraceUtility:ExtractStackTrace ()
UnityEngine.DebugLogHandler:LogFormat (UnityEngine.LogType,UnityEngine.Object,string,object[])
UnityEngine.Logger:Log (UnityEngine.LogType,object)
UnityEngine.Debug:LogError (object)
UnityEditor.EditorAssemblies:ProcessInitializeOnLoadMethodAttributes ()

Mono: successfully reloaded assembly
[Package Manager] Server::EnsureServerProcessIsRunning -- launch failed, reason: Unity was launched with the -noUpm command-line argument
[Package Manager] UpmClient::Send -- Unable to send message (not connected to UPM process).
[Package Manager] Cannot connect to Unity Package Manager local server
[Package Manager] Server::EnsureServerProcessIsRunning -- launch failed, reason: Unity was launched with the -noUpm command-line argument
[Package Manager] UpmClient::Send -- Unable to send message (not connected to UPM process).
[Package Manager] Cannot connect to Unity Package Manager local server
- Finished resetting the current domain, in  1.683 seconds
Domain Reload Profiling: 2769ms
	BeginReloadAssembly (174ms)
		ExecutionOrderSort (0ms)
		DisableScriptedObjects (5ms)
		BackupInstance (0ms)
		ReleaseScriptingObjects (0ms)
		CreateAndSetChildDomain (26ms)
	RebuildCommonClasses (54ms)
	RebuildNativeTypeToScriptingClass (15ms)
	initialDomainReloadingComplete (52ms)
	LoadAllAssembliesAndSetupDomain (790ms)
		LoadAssemblies (415ms)
		RebuildTransferFunctionScriptingTraits (0ms)
		AnalyzeDomain (476ms)
			TypeCache.Refresh (404ms)
				TypeCache.ScanAssembly (368ms)
			ScanForSourceGeneratedMonoScriptInfo (50ms)
			ResolveRequiredComponents (19ms)
	FinalizeReload (1684ms)
		ReleaseScriptCaches (0ms)
		RebuildScriptCaches (0ms)
		SetupLoadedEditorAssemblies (1286ms)
			LogAssemblyErrors (0ms)
			InitializePlatformSupportModulesInManaged (78ms)
			SetLoadedEditorAssemblies (18ms)
			RefreshPlugins (0ms)
			BeforeProcessingInitializeOnLoad (152ms)
			ProcessInitializeOnLoadAttributes (857ms)
			ProcessInitializeOnLoadMethodAttributes (163ms)
			AfterProcessingInitializeOnLoad (16ms)
			EditorAssembliesLoaded (0ms)
		ExecutionOrderSort2 (0ms)
		AwakeInstancesAfterBackupRestoration (8ms)
Launched and connected shader compiler UnityShaderCompiler.exe after 0.05 seconds
Refreshing native plugins compatible for Editor in 20.21 ms, found 12 plugins.
Preloading 1 native plugins for Editor in 0.11 ms.
Unloading 6820 Unused Serialized files (Serialized files now loaded: 0)
Unloading 116 unused Assets / (369.9 KB). Loaded Objects now: 7308.
Memory consumption went from 250.3 MB to 249.9 MB.
Total: 4.893200 ms (FindLiveObjects: 0.493800 ms CreateObjectMapping: 0.268400 ms MarkObjects: 3.887200 ms  DeleteObjects: 0.242500 ms)

AssetImportParameters requested are different than current active one (requested -> active):
  custom:container-demuxer-ogg: 62fdf1f143b41e24485cea50d1cbac27 -> 
  custom:framework-win-MediaFoundation: 216162199b28c13a410421893ffa2e32 -> 
  custom:container-muxer-webm: aa71ff27fc2769a1b78a27578f13a17b -> 
  custom:video-decoder-webm-vp8: 9c59270c3fd7afecdb556c50c9e8de78 -> 
  custom:SearchIndexIgnoredProperties: e643bd26f0fe6173181afceb89e7c659 -> 
  custom:AudioImporter_EditorPlatform: d09bf68614088b80899f8185d706f6e7 -> 
  custom:audio-decoder-ogg-vorbis: bf7c407c2cedff20999df2af8eb42d56 -> 
  custom:audio-encoder-webm-vorbis: bf7c407c2cedff20999df2af8eb42d56 -> 
  custom:video-decoder-ogg-theora: a1e56fd34408186e4bbccfd4996cb3dc -> 
  custom:CustomObjectIndexerAttribute: a3ef5dd2817f97addfee359851a9dba5 -> 
  custom:container-demuxer-webm: 4f35f7cbe854078d1ac9338744f61a02 -> 
  custom:video-encoder-webm-vp8: eb34c28f22e8b96e1ab97ce403110664 -> 
========================================================================
Received Import Request.
  Time since last request: 71349.926008 seconds.
  path: Assets/2-Polylised - Medieval Desert City/Models/Props
  artifactKey: Guid(4c9fabe8178aee641a807be7a3078331) Importer(815301076,1909f56bfc062723c751e8b465ee728b)
Start importing Assets/2-Polylised - Medieval Desert City/Models/Props using Guid(4c9fabe8178aee641a807be7a3078331) Importer(815301076,1909f56bfc062723c751e8b465ee728b)  -> (artifact id: '5fab233bd0d00e250376f9b3c77b74bc') in 0.002353 seconds
Number of updated asset objects reloaded before import = 0
Number of asset objects unloaded after import = 0
========================================================================
Received Import Request.
  Time since last request: 0.016765 seconds.
  path: Assets/2-Polylised - Medieval Desert City/Models/Props/banner.FBX
  artifactKey: Guid(653a77d8711adf3429a390ba25ee55c8) Importer(815301076,1909f56bfc062723c751e8b465ee728b)
Start importing Assets/2-Polylised - Medieval Desert City/Models/Props/banner.FBX using Guid(653a77d8711adf3429a390ba25ee55c8) Importer(815301076,1909f56bfc062723c751e8b465ee728b)  -> (artifact id: '4c83baadcf3d8afca8ad859766ff224e') in 0.384582 seconds
Number of updated asset objects reloaded before import = 0
Number of asset objects unloaded after import = 10
========================================================================
Received Import Request.
  Time since last request: 1.370836 seconds.
  path: Assets/2-Polylised - Medieval Desert City/Models/Props/Materials
  artifactKey: Guid(0cfcbdd427ff1c14e9496939f8eeaff7) Importer(815301076,1909f56bfc062723c751e8b465ee728b)
Start importing Assets/2-Polylised - Medieval Desert City/Models/Props/Materials using Guid(0cfcbdd427ff1c14e9496939f8eeaff7) Importer(815301076,1909f56bfc062723c751e8b465ee728b)  -> (artifact id: '3ce63d3a3b3e00eb3d29f864e0f3762f') in 0.000713 seconds
Number of updated asset objects reloaded before import = 0
Number of asset objects unloaded after import = 0
========================================================================
Received Import Request.
  Time since last request: 0.045940 seconds.
  path: Assets/2-Polylised - Medieval Desert City/Models/Props/Materials/Cloth_0.mat
  artifactKey: Guid(69cef479e1ab76c44acb59c69aa9bf79) Importer(815301076,1909f56bfc062723c751e8b465ee728b)
Start importing Assets/2-Polylised - Medieval Desert City/Models/Props/Materials/Cloth_0.mat using Guid(69cef479e1ab76c44acb59c69aa9bf79) Importer(815301076,1909f56bfc062723c751e8b465ee728b)  -> (artifact id: '5272c1b60fd132ed3e12ca4ab06cb80a') in 0.037603 seconds
Number of updated asset objects reloaded before import = 0
Number of asset objects unloaded after import = 2
========================================================================
Received Import Request.
  Time since last request: 0.000041 seconds.
  path: Assets/2-Polylised - Medieval Desert City/Models/Props/Materials/Metal_0.mat
  artifactKey: Guid(92069214568c23441b861bd0afc7624c) Importer(815301076,1909f56bfc062723c751e8b465ee728b)
Start importing Assets/2-Polylised - Medieval Desert City/Models/Props/Materials/Metal_0.mat using Guid(92069214568c23441b861bd0afc7624c) Importer(815301076,1909f56bfc062723c751e8b465ee728b)  -> (artifact id: '2948adf14454f6fe0130d4e2850cbe28') in 0.011927 seconds
Number of updated asset objects reloaded before import = 0
Number of asset objects unloaded after import = 2
========================================================================
Received Import Request.
  Time since last request: 0.000044 seconds.
  path: Assets/2-Polylised - Medieval Desert City/Models/Props/Materials/ground_1.mat
  artifactKey: Guid(22da5593f4de2f9449695653c17a93bc) Importer(815301076,1909f56bfc062723c751e8b465ee728b)
Start importing Assets/2-Polylised - Medieval Desert City/Models/Props/Materials/ground_1.mat using Guid(22da5593f4de2f9449695653c17a93bc) Importer(815301076,1909f56bfc062723c751e8b465ee728b)  -> (artifact id: '5169b3ba3a95496f2d7beda2bdc8818c') in 0.013357 seconds
Number of updated asset objects reloaded before import = 0
Number of asset objects unloaded after import = 2
========================================================================
Received Import Request.
  Time since last request: 0.892880 seconds.
  path: Assets/2-Polylised - Medieval Desert City/Models/Props/Materials/Metal_1.mat
  artifactKey: Guid(72f8dde742eb4814583fa87a2dbcc313) Importer(815301076,1909f56bfc062723c751e8b465ee728b)
Start importing Assets/2-Polylised - Medieval Desert City/Models/Props/Materials/Metal_1.mat using Guid(72f8dde742eb4814583fa87a2dbcc313) Importer(815301076,1909f56bfc062723c751e8b465ee728b)  -> (artifact id: 'a3a805b2f5be232e72562328ac389911') in 0.009782 seconds
Number of updated asset objects reloaded before import = 0
Number of asset objects unloaded after import = 2
========================================================================
Received Import Request.
  Time since last request: 0.885289 seconds.
  path: Assets/2-Polylised - Medieval Desert City/Models/Props/Materials/Roof_0.mat
  artifactKey: Guid(71c41a384f14f6241bcc903303563ed7) Importer(815301076,1909f56bfc062723c751e8b465ee728b)
Start importing Assets/2-Polylised - Medieval Desert City/Models/Props/Materials/Roof_0.mat using Guid(71c41a384f14f6241bcc903303563ed7) Importer(815301076,1909f56bfc062723c751e8b465ee728b)  -> (artifact id: 'b80b0e4690958dcd65e918f751743dd0') in 0.011614 seconds
Number of updated asset objects reloaded before import = 0
Number of asset objects unloaded after import = 2
========================================================================
Received Import Request.
  Time since last request: 0.019646 seconds.
  path: Assets/2-Polylised - Medieval Desert City/Models/Props/Materials/Roof_2.mat
  artifactKey: Guid(abf229e3b5b878f4cb026154aeee9067) Importer(815301076,1909f56bfc062723c751e8b465ee728b)
Start importing Assets/2-Polylised - Medieval Desert City/Models/Props/Materials/Roof_2.mat using Guid(abf229e3b5b878f4cb026154aeee9067) Importer(815301076,1909f56bfc062723c751e8b465ee728b)  -> (artifact id: '8c46de338af3f243e5ff7a7e16bc28c4') in 0.008712 seconds
Number of updated asset objects reloaded before import = 0
Number of asset objects unloaded after import = 2
========================================================================
Received Import Request.
  Time since last request: 0.068135 seconds.
  path: Assets/2-Polylised - Medieval Desert City/Models/Props/Materials/Rope_0.mat
  artifactKey: Guid(312e8c9d96c215148b29f696d927396e) Importer(815301076,1909f56bfc062723c751e8b465ee728b)
Start importing Assets/2-Polylised - Medieval Desert City/Models/Props/Materials/Rope_0.mat using Guid(312e8c9d96c215148b29f696d927396e) Importer(815301076,1909f56bfc062723c751e8b465ee728b)  -> (artifact id: '9309c6c0a4059bf84401dad9b1e2d14f') in 0.009738 seconds
Number of updated asset objects reloaded before import = 0
Number of asset objects unloaded after import = 2
========================================================================
Received Import Request.
  Time since last request: 0.616501 seconds.
  path: Assets/2-Polylised - Medieval Desert City/Models/Props/Materials/Wall_0.mat
  artifactKey: Guid(f6f7f8ddd3423e04d9b67e8c86f6431c) Importer(815301076,1909f56bfc062723c751e8b465ee728b)
Start importing Assets/2-Polylised - Medieval Desert City/Models/Props/Materials/Wall_0.mat using Guid(f6f7f8ddd3423e04d9b67e8c86f6431c) Importer(815301076,1909f56bfc062723c751e8b465ee728b)  -> (artifact id: 'd2c55be496a111f4c72f3a36091a47e3') in 0.010876 seconds
Number of updated asset objects reloaded before import = 0
Number of asset objects unloaded after import = 2
========================================================================
Received Import Request.
  Time since last request: 0.020660 seconds.
  path: Assets/2-Polylised - Medieval Desert City/Models/Props/Materials/Water_0.mat
  artifactKey: Guid(36876bde56cb0e34f86803b419d3a767) Importer(815301076,1909f56bfc062723c751e8b465ee728b)
Start importing Assets/2-Polylised - Medieval Desert City/Models/Props/Materials/Water_0.mat using Guid(36876bde56cb0e34f86803b419d3a767) Importer(815301076,1909f56bfc062723c751e8b465ee728b)  -> (artifact id: '01a43c79ce3a7f34c873a07234b010ac') in 0.010688 seconds
Number of updated asset objects reloaded before import = 0
Number of asset objects unloaded after import = 2
========================================================================
Received Import Request.
  Time since last request: 0.023403 seconds.
  path: Assets/2-Polylised - Medieval Desert City/Models/Props/Materials/Wood_0.mat
  artifactKey: Guid(a977b7a30d92ddb40a72f93537ca2718) Importer(815301076,1909f56bfc062723c751e8b465ee728b)
Start importing Assets/2-Polylised - Medieval Desert City/Models/Props/Materials/Wood_0.mat using Guid(a977b7a30d92ddb40a72f93537ca2718) Importer(815301076,1909f56bfc062723c751e8b465ee728b)  -> (artifact id: 'c7463ebf1b575439264913534dc01462') in 0.008712 seconds
Number of updated asset objects reloaded before import = 0
Number of asset objects unloaded after import = 2
