Using pre-set license
Built from '2022.3/staging' branch; Version is '2022.3.10f1 (ff3792e53c62) revision 16725906'; Using compiler version '192829333'; Build Type 'Release'
OS: 'Windows 10  (10.0.19045) 64bit Professional' Language: 'es' Physical Memory: 16026 MB
BatchMode: 1, IsHumanControllingUs: 0, StartBugReporterOnCrash: 0, Is64bit: 1, IsPro: 1

COMMAND LINE ARGUMENTS:
C:\Program Files\Unity\Hub\Editor\2022.3.10f1\Editor\Unity.exe
-adb2
-batchMode
-noUpm
-name
AssetImportWorker7
-projectPath
C:/ProyectoVSR/VSR2/VSR
-logFile
Logs/AssetImportWorker7.log
-srvPort
63963
Successfully changed project path to: C:/ProyectoVSR/VSR2/VSR
C:/ProyectoVSR/VSR2/VSR
[UnityMemory] Configuration Parameters - Can be set up in boot.config
    "memorysetup-bucket-allocator-granularity=16"
    "memorysetup-bucket-allocator-bucket-count=8"
    "memorysetup-bucket-allocator-block-size=33554432"
    "memorysetup-bucket-allocator-block-count=8"
    "memorysetup-main-allocator-block-size=16777216"
    "memorysetup-thread-allocator-block-size=16777216"
    "memorysetup-gfx-main-allocator-block-size=16777216"
    "memorysetup-gfx-thread-allocator-block-size=16777216"
    "memorysetup-cache-allocator-block-size=4194304"
    "memorysetup-typetree-allocator-block-size=2097152"
    "memorysetup-profiler-bucket-allocator-granularity=16"
    "memorysetup-profiler-bucket-allocator-bucket-count=8"
    "memorysetup-profiler-bucket-allocator-block-size=33554432"
    "memorysetup-profiler-bucket-allocator-block-count=8"
    "memorysetup-profiler-allocator-block-size=16777216"
    "memorysetup-profiler-editor-allocator-block-size=1048576"
    "memorysetup-temp-allocator-size-main=16777216"
    "memorysetup-job-temp-allocator-block-size=2097152"
    "memorysetup-job-temp-allocator-block-size-background=1048576"
    "memorysetup-job-temp-allocator-reduction-small-platforms=262144"
    "memorysetup-allocator-temp-initial-block-size-main=262144"
    "memorysetup-allocator-temp-initial-block-size-worker=262144"
    "memorysetup-temp-allocator-size-background-worker=32768"
    "memorysetup-temp-allocator-size-job-worker=262144"
    "memorysetup-temp-allocator-size-preload-manager=33554432"
    "memorysetup-temp-allocator-size-nav-mesh-worker=65536"
    "memorysetup-temp-allocator-size-audio-worker=65536"
    "memorysetup-temp-allocator-size-cloud-worker=32768"
    "memorysetup-temp-allocator-size-gi-baking-worker=262144"
    "memorysetup-temp-allocator-size-gfx=262144"
Player connection [3792] Host "[IP] 192.168.56.1 [Port] 0 [Flags] 2 [Guid] 1057899639 [EditorId] 1057899639 [Version] 1048832 [Id] WindowsEditor(7,DESKTOP-Q0S91L1) [Debug] 1 [PackageName] WindowsEditor [ProjectName] Editor" joined multi-casting on [225.0.0.222:54997]...

Player connection [3792] Host "[IP] 192.168.56.1 [Port] 0 [Flags] 2 [Guid] 1057899639 [EditorId] 1057899639 [Version] 1048832 [Id] WindowsEditor(7,DESKTOP-Q0S91L1) [Debug] 1 [PackageName] WindowsEditor [ProjectName] Editor" joined alternative multi-casting on [225.0.0.222:34997]...

[Physics::Module] Initialized MultithreadedJobDispatcher with 7 workers.
Refreshing native plugins compatible for Editor in 43.98 ms, found 12 plugins.
Preloading 1 native plugins for Editor in 1.24 ms.
Initialize engine version: 2022.3.10f1 (ff3792e53c62)
[Subsystems] Discovering subsystems at path C:/Program Files/Unity/Hub/Editor/2022.3.10f1/Editor/Data/Resources/UnitySubsystems
[Subsystems] Discovering subsystems at path C:/ProyectoVSR/VSR2/VSR/Assets
GfxDevice: creating device client; threaded=0; jobified=0
Direct3D:
    Version:  Direct3D 11.0 [level 11.1]
    Renderer: Intel(R) Iris(R) Xe Graphics (ID=0x9a49)
    Vendor:   Intel
    VRAM:     8013 MB
    Driver:   27.20.100.9664
Initialize mono
Mono path[0] = 'C:/Program Files/Unity/Hub/Editor/2022.3.10f1/Editor/Data/Managed'
Mono path[1] = 'C:/Program Files/Unity/Hub/Editor/2022.3.10f1/Editor/Data/MonoBleedingEdge/lib/mono/unityjit-win32'
Mono config path = 'C:/Program Files/Unity/Hub/Editor/2022.3.10f1/Editor/Data/MonoBleedingEdge/etc'
Using monoOptions --debugger-agent=transport=dt_socket,embedding=1,server=y,suspend=n,address=127.0.0.1:56284
Begin MonoManager ReloadAssembly
Registering precompiled unity dll's ...
Register platform support module: C:/Program Files/Unity/Hub/Editor/2022.3.10f1/Editor/Data/PlaybackEngines/WebGLSupport/UnityEditor.WebGL.Extensions.dll
Register platform support module: C:/Program Files/Unity/Hub/Editor/2022.3.10f1/Editor/Data/PlaybackEngines/AndroidPlayer/UnityEditor.Android.Extensions.dll
Register platform support module: C:/Program Files/Unity/Hub/Editor/2022.3.10f1/Editor/Data/PlaybackEngines/WindowsStandaloneSupport/UnityEditor.WindowsStandalone.Extensions.dll
Registered in 0.015224 seconds.
- Loaded All Assemblies, in  0.643 seconds
Native extension for WindowsStandalone target not found
Native extension for Android target not found
Android Extension - Scanning For ADB Devices 248 ms
Native extension for WebGL target not found
Mono: successfully reloaded assembly
- Finished resetting the current domain, in  0.675 seconds
Domain Reload Profiling: 1315ms
	BeginReloadAssembly (153ms)
		ExecutionOrderSort (0ms)
		DisableScriptedObjects (0ms)
		BackupInstance (0ms)
		ReleaseScriptingObjects (0ms)
		CreateAndSetChildDomain (2ms)
	RebuildCommonClasses (50ms)
	RebuildNativeTypeToScriptingClass (17ms)
	initialDomainReloadingComplete (113ms)
	LoadAllAssembliesAndSetupDomain (307ms)
		LoadAssemblies (147ms)
		RebuildTransferFunctionScriptingTraits (0ms)
		AnalyzeDomain (303ms)
			TypeCache.Refresh (300ms)
				TypeCache.ScanAssembly (282ms)
			ScanForSourceGeneratedMonoScriptInfo (1ms)
			ResolveRequiredComponents (1ms)
	FinalizeReload (675ms)
		ReleaseScriptCaches (0ms)
		RebuildScriptCaches (0ms)
		SetupLoadedEditorAssemblies (581ms)
			LogAssemblyErrors (0ms)
			InitializePlatformSupportModulesInManaged (399ms)
			SetLoadedEditorAssemblies (4ms)
			RefreshPlugins (0ms)
			BeforeProcessingInitializeOnLoad (2ms)
			ProcessInitializeOnLoadAttributes (110ms)
			ProcessInitializeOnLoadMethodAttributes (66ms)
			AfterProcessingInitializeOnLoad (0ms)
			EditorAssembliesLoaded (0ms)
		ExecutionOrderSort2 (0ms)
		AwakeInstancesAfterBackupRestoration (0ms)
========================================================================
Worker process is ready to serve import requests
Begin MonoManager ReloadAssembly
- Loaded All Assemblies, in  1.107 seconds
Refreshing native plugins compatible for Editor in 19.57 ms, found 12 plugins.
Native extension for WindowsStandalone target not found
Native extension for Android target not found
Native extension for WebGL target not found
Package Manager log level set to [2]
[Package Manager] Server::EnsureServerProcessIsRunning -- launch failed, reason: Unity was launched with the -noUpm command-line argument
[Package Manager] UpmClient::Send -- Unable to send message (not connected to UPM process).
[Package Manager] Cannot connect to Unity Package Manager local server
[Package Manager] Server::EnsureServerProcessIsRunning -- launch failed, reason: Unity was launched with the -noUpm command-line argument
[Package Manager] UpmClient::Send -- Unable to send message (not connected to UPM process).
[Package Manager] Cannot connect to Unity Package Manager local server
System.Reflection.TargetInvocationException: Exception has been thrown by the target of an invocation. ---> System.NullReferenceException: Object reference not set to an instance of an object
  at Unity.XR.Oculus.OculusLoader.AssetPathToAbsolutePath (System.String assetPath) [0x0003d] in .\Library\PackageCache\com.unity.xr.oculus@4.0.0\Runtime\OculusLoader.cs:282 
  at Unity.XR.Oculus.OculusLoader.EditorLoadOVRPlugin () [0x0007b] in .\Library\PackageCache\com.unity.xr.oculus@4.0.0\Runtime\OculusLoader.cs:267 
  at (wrapper managed-to-native) System.Reflection.RuntimeMethodInfo.InternalInvoke(System.Reflection.RuntimeMethodInfo,object,object[],System.Exception&)
  at System.Reflection.RuntimeMethodInfo.Invoke (System.Object obj, System.Reflection.BindingFlags invokeAttr, System.Reflection.Binder binder, System.Object[] parameters, System.Globalization.CultureInfo culture) [0x0006a] in <787acc3c9a4c471ba7d971300105af24>:0 
   --- End of inner exception stack trace ---
  at System.Reflection.RuntimeMethodInfo.Invoke (System.Object obj, System.Reflection.BindingFlags invokeAttr, System.Reflection.Binder binder, System.Object[] parameters, System.Globalization.CultureInfo culture) [0x00083] in <787acc3c9a4c471ba7d971300105af24>:0 
  at System.Reflection.MethodBase.Invoke (System.Object obj, System.Object[] parameters) [0x00000] in <787acc3c9a4c471ba7d971300105af24>:0 
  at UnityEditor.EditorAssemblies.ProcessInitializeOnLoadMethodAttributes () [0x000a5] in <fe7039efe678478d9c83e73bc6a6566d>:0 
UnityEngine.StackTraceUtility:ExtractStackTrace ()
UnityEngine.DebugLogHandler:LogFormat (UnityEngine.LogType,UnityEngine.Object,string,object[])
UnityEngine.Logger:Log (UnityEngine.LogType,object)
UnityEngine.Debug:LogError (object)
UnityEditor.EditorAssemblies:ProcessInitializeOnLoadMethodAttributes ()

Mono: successfully reloaded assembly
[Package Manager] Server::EnsureServerProcessIsRunning -- launch failed, reason: Unity was launched with the -noUpm command-line argument
[Package Manager] UpmClient::Send -- Unable to send message (not connected to UPM process).
[Package Manager] Cannot connect to Unity Package Manager local server
[Package Manager] Server::EnsureServerProcessIsRunning -- launch failed, reason: Unity was launched with the -noUpm command-line argument
[Package Manager] UpmClient::Send -- Unable to send message (not connected to UPM process).
[Package Manager] Cannot connect to Unity Package Manager local server
- Finished resetting the current domain, in  1.520 seconds
Domain Reload Profiling: 2623ms
	BeginReloadAssembly (185ms)
		ExecutionOrderSort (0ms)
		DisableScriptedObjects (8ms)
		BackupInstance (0ms)
		ReleaseScriptingObjects (0ms)
		CreateAndSetChildDomain (28ms)
	RebuildCommonClasses (47ms)
	RebuildNativeTypeToScriptingClass (26ms)
	initialDomainReloadingComplete (69ms)
	LoadAllAssembliesAndSetupDomain (775ms)
		LoadAssemblies (438ms)
		RebuildTransferFunctionScriptingTraits (0ms)
		AnalyzeDomain (435ms)
			TypeCache.Refresh (357ms)
				TypeCache.ScanAssembly (330ms)
			ScanForSourceGeneratedMonoScriptInfo (54ms)
			ResolveRequiredComponents (22ms)
	FinalizeReload (1521ms)
		ReleaseScriptCaches (0ms)
		RebuildScriptCaches (0ms)
		SetupLoadedEditorAssemblies (1233ms)
			LogAssemblyErrors (0ms)
			InitializePlatformSupportModulesInManaged (35ms)
			SetLoadedEditorAssemblies (8ms)
			RefreshPlugins (0ms)
			BeforeProcessingInitializeOnLoad (132ms)
			ProcessInitializeOnLoadAttributes (834ms)
			ProcessInitializeOnLoadMethodAttributes (210ms)
			AfterProcessingInitializeOnLoad (14ms)
			EditorAssembliesLoaded (0ms)
		ExecutionOrderSort2 (0ms)
		AwakeInstancesAfterBackupRestoration (6ms)
Launched and connected shader compiler UnityShaderCompiler.exe after 0.04 seconds
Refreshing native plugins compatible for Editor in 13.82 ms, found 12 plugins.
Preloading 1 native plugins for Editor in 0.09 ms.
Unloading 6820 Unused Serialized files (Serialized files now loaded: 0)
Unloading 116 unused Assets / (369.9 KB). Loaded Objects now: 7308.
Memory consumption went from 250.3 MB to 250.0 MB.
Total: 4.053900 ms (FindLiveObjects: 0.480900 ms CreateObjectMapping: 0.273300 ms MarkObjects: 3.069800 ms  DeleteObjects: 0.229000 ms)

AssetImportParameters requested are different than current active one (requested -> active):
  custom:container-demuxer-ogg: 62fdf1f143b41e24485cea50d1cbac27 -> 
  custom:framework-win-MediaFoundation: 216162199b28c13a410421893ffa2e32 -> 
  custom:container-muxer-webm: aa71ff27fc2769a1b78a27578f13a17b -> 
  custom:video-decoder-webm-vp8: 9c59270c3fd7afecdb556c50c9e8de78 -> 
  custom:SearchIndexIgnoredProperties: e643bd26f0fe6173181afceb89e7c659 -> 
  custom:AudioImporter_EditorPlatform: d09bf68614088b80899f8185d706f6e7 -> 
  custom:audio-decoder-ogg-vorbis: bf7c407c2cedff20999df2af8eb42d56 -> 
  custom:audio-encoder-webm-vorbis: bf7c407c2cedff20999df2af8eb42d56 -> 
  custom:video-decoder-ogg-theora: a1e56fd34408186e4bbccfd4996cb3dc -> 
  custom:CustomObjectIndexerAttribute: a3ef5dd2817f97addfee359851a9dba5 -> 
  custom:container-demuxer-webm: 4f35f7cbe854078d1ac9338744f61a02 -> 
  custom:video-encoder-webm-vp8: eb34c28f22e8b96e1ab97ce403110664 -> 
========================================================================
Received Import Request.
  Time since last request: 71318.271017 seconds.
  path: Assets/1-Low-Poly Medieval Market/Models/apple_red.fbx
  artifactKey: Guid(d28111219c4ac474a93442017c18267d) Importer(815301076,1909f56bfc062723c751e8b465ee728b)
Start importing Assets/1-Low-Poly Medieval Market/Models/apple_red.fbx using Guid(d28111219c4ac474a93442017c18267d) Importer(815301076,1909f56bfc062723c751e8b465ee728b)  -> (artifact id: '17cfe90c15bb1bd9bd58b2fc19c27be1') in 0.417733 seconds
Number of updated asset objects reloaded before import = 0
Number of asset objects unloaded after import = 8
========================================================================
Received Import Request.
  Time since last request: 0.000031 seconds.
  path: Assets/1-Low-Poly Medieval Market/Models/banana_connector.fbx
  artifactKey: Guid(fc2afaebf3afa3142ab237e09bf98ea3) Importer(815301076,1909f56bfc062723c751e8b465ee728b)
Start importing Assets/1-Low-Poly Medieval Market/Models/banana_connector.fbx using Guid(fc2afaebf3afa3142ab237e09bf98ea3) Importer(815301076,1909f56bfc062723c751e8b465ee728b)  -> (artifact id: '0b559ba70359014c120edf805d686c4c') in 0.039830 seconds
Number of updated asset objects reloaded before import = 0
Number of asset objects unloaded after import = 8
========================================================================
Received Import Request.
  Time since last request: 0.000034 seconds.
  path: Assets/1-Low-Poly Medieval Market/Models/banana.fbx
  artifactKey: Guid(c9cc7adf2c20bf143a97dd3f0ab2b1d7) Importer(815301076,1909f56bfc062723c751e8b465ee728b)
Start importing Assets/1-Low-Poly Medieval Market/Models/banana.fbx using Guid(c9cc7adf2c20bf143a97dd3f0ab2b1d7) Importer(815301076,1909f56bfc062723c751e8b465ee728b)  -> (artifact id: '4ca8181d0bf275c4a6003e6c38b0f427') in 0.035803 seconds
Number of updated asset objects reloaded before import = 0
Number of asset objects unloaded after import = 8
========================================================================
Received Import Request.
  Time since last request: 0.000025 seconds.
  path: Assets/1-Low-Poly Medieval Market/Models/BakeryMarket.fbx
  artifactKey: Guid(f1a4f1ed56833a94f91ff3bda647b175) Importer(815301076,1909f56bfc062723c751e8b465ee728b)
Start importing Assets/1-Low-Poly Medieval Market/Models/BakeryMarket.fbx using Guid(f1a4f1ed56833a94f91ff3bda647b175) Importer(815301076,1909f56bfc062723c751e8b465ee728b)  -> (artifact id: '80e368c290a87ad234ae0182054d716f') in 0.061840 seconds
Number of updated asset objects reloaded before import = 0
Number of asset objects unloaded after import = 13
========================================================================
Received Import Request.
  Time since last request: 0.000049 seconds.
  path: Assets/1-Low-Poly Medieval Market/Models/apple_yellow.fbx
  artifactKey: Guid(c7165ea75cf14034980f2cd37c14688c) Importer(815301076,1909f56bfc062723c751e8b465ee728b)
Start importing Assets/1-Low-Poly Medieval Market/Models/apple_yellow.fbx using Guid(c7165ea75cf14034980f2cd37c14688c) Importer(815301076,1909f56bfc062723c751e8b465ee728b)  -> (artifact id: '8217aa5500ae68d783384ee911e8e85c') in 0.046644 seconds
Number of updated asset objects reloaded before import = 0
Number of asset objects unloaded after import = 8
========================================================================
Received Import Request.
  Time since last request: 31.031925 seconds.
  path: Assets/2-Polylised - Medieval Desert City/Models/Props/boat_01.FBX
  artifactKey: Guid(f01c51099a9686f4a9405d4e7e5cb26a) Importer(815301076,1909f56bfc062723c751e8b465ee728b)
Start importing Assets/2-Polylised - Medieval Desert City/Models/Props/boat_01.FBX using Guid(f01c51099a9686f4a9405d4e7e5cb26a) Importer(815301076,1909f56bfc062723c751e8b465ee728b)  -> (artifact id: 'f48eb2c0f1e1feacf34e71d137cc3531') in 0.031539 seconds
Number of updated asset objects reloaded before import = 0
Number of asset objects unloaded after import = 10
========================================================================
Received Import Request.
  Time since last request: 0.000149 seconds.
  path: Assets/2-Polylised - Medieval Desert City/Models/Props/boat_03.FBX
  artifactKey: Guid(1fc714e0ee6763a43b1700e624f9a488) Importer(815301076,1909f56bfc062723c751e8b465ee728b)
Start importing Assets/2-Polylised - Medieval Desert City/Models/Props/boat_03.FBX using Guid(1fc714e0ee6763a43b1700e624f9a488) Importer(815301076,1909f56bfc062723c751e8b465ee728b)  -> (artifact id: '6edfba09c78f65e18489915d7b8200aa') in 0.036032 seconds
Number of updated asset objects reloaded before import = 0
Number of asset objects unloaded after import = 12
========================================================================
Received Import Request.
  Time since last request: 0.000023 seconds.
  path: Assets/2-Polylised - Medieval Desert City/Models/Props/fence.FBX
  artifactKey: Guid(25e83317ecd131f4cb6e236d365393ad) Importer(815301076,1909f56bfc062723c751e8b465ee728b)
Start importing Assets/2-Polylised - Medieval Desert City/Models/Props/fence.FBX using Guid(25e83317ecd131f4cb6e236d365393ad) Importer(815301076,1909f56bfc062723c751e8b465ee728b)  -> (artifact id: '3d079a5fa1b4f861efe80e7b2174093d') in 0.033109 seconds
Number of updated asset objects reloaded before import = 0
Number of asset objects unloaded after import = 9
========================================================================
Received Import Request.
  Time since last request: 0.000028 seconds.
  path: Assets/2-Polylised - Medieval Desert City/Models/Props/boat_02.FBX
  artifactKey: Guid(9b3f216a7f371474eab056058feb31bb) Importer(815301076,1909f56bfc062723c751e8b465ee728b)
Start importing Assets/2-Polylised - Medieval Desert City/Models/Props/boat_02.FBX using Guid(9b3f216a7f371474eab056058feb31bb) Importer(815301076,1909f56bfc062723c751e8b465ee728b)  -> (artifact id: 'fcd3d3adde229c48dca1bc385bbe1c98') in 0.031861 seconds
Number of updated asset objects reloaded before import = 0
Number of asset objects unloaded after import = 11
========================================================================
Received Import Request.
  Time since last request: 1.651438 seconds.
  path: Assets/2-Polylised - Medieval Desert City/Models/Props/Materials/Cloth_3.mat
  artifactKey: Guid(a69b6620a96fdac4fbbb93a665e18799) Importer(815301076,1909f56bfc062723c751e8b465ee728b)
Start importing Assets/2-Polylised - Medieval Desert City/Models/Props/Materials/Cloth_3.mat using Guid(a69b6620a96fdac4fbbb93a665e18799) Importer(815301076,1909f56bfc062723c751e8b465ee728b)  -> (artifact id: 'e5bace036e023222b73915071bbdb45c') in 0.030599 seconds
Number of updated asset objects reloaded before import = 0
Number of asset objects unloaded after import = 2
========================================================================
Received Import Request.
  Time since last request: 0.000027 seconds.
  path: Assets/2-Polylised - Medieval Desert City/Models/Props/Materials/Light.mat
  artifactKey: Guid(8f9f77a3a7d36eb4f8f8241b60fcf9e9) Importer(815301076,1909f56bfc062723c751e8b465ee728b)
Start importing Assets/2-Polylised - Medieval Desert City/Models/Props/Materials/Light.mat using Guid(8f9f77a3a7d36eb4f8f8241b60fcf9e9) Importer(815301076,1909f56bfc062723c751e8b465ee728b)  -> (artifact id: 'a7aa96c938d55784e5a1c30aeb90153d') in 0.013147 seconds
Number of updated asset objects reloaded before import = 0
Number of asset objects unloaded after import = 2
========================================================================
Received Import Request.
  Time since last request: 0.000023 seconds.
  path: Assets/2-Polylised - Medieval Desert City/Models/Props/Materials/Cloth_6.mat
  artifactKey: Guid(4b28c2a7cdac0d14a83939f106badd7c) Importer(815301076,1909f56bfc062723c751e8b465ee728b)
Start importing Assets/2-Polylised - Medieval Desert City/Models/Props/Materials/Cloth_6.mat using Guid(4b28c2a7cdac0d14a83939f106badd7c) Importer(815301076,1909f56bfc062723c751e8b465ee728b)  -> (artifact id: 'd928434e21525b5d91d9038502b75807') in 0.015035 seconds
Number of updated asset objects reloaded before import = 0
Number of asset objects unloaded after import = 2
